[18:09:38.394] [INFO   ] thread main starting.
[18:09:38.401] [SEVERE ] cannot read configuration file config.properties trying from resources.
[18:09:38.402] [SEVERE ] configuration file was loaded from resources directory.
[18:09:39.235] [INFO   ] thread dealer starting.
[18:09:39.235] [INFO   ] thread dealer starting.
[18:09:39.343] [SEVERE ] placing card 0 in slot 0
[18:09:39.448] [SEVERE ] placing card 1 in slot 1
[18:09:39.554] [SEVERE ] placing card 2 in slot 2
[18:09:39.658] [SEVERE ] placing card 3 in slot 3
[18:09:39.762] [SEVERE ] placing card 4 in slot 4
[18:09:39.867] [SEVERE ] placing card 5 in slot 5
[18:09:39.970] [SEVERE ] placing card 6 in slot 6
[18:09:40.075] [SEVERE ] placing card 7 in slot 7
[18:09:40.181] [SEVERE ] placing card 8 in slot 8
[18:09:40.284] [SEVERE ] placing card 9 in slot 9
[18:09:40.390] [SEVERE ] placing card 10 in slot 10
[18:09:40.495] [SEVERE ] placing card 11 in slot 11
[18:09:40.499] [INFO   ] thread dealer terminated.
[18:09:40.946] [SEVERE ] key 75 was pressed by player 2
[18:09:41.844] [SEVERE ] key 75 was pressed by player 2
[18:09:42.119] [SEVERE ] key 75 was pressed by player 2
[18:09:42.345] [SEVERE ] key 75 was pressed by player 2
[18:09:45.505] [SEVERE ] thanks for playing... it was fun!
[18:09:45.506] [INFO   ] thread main terminated.
[18:09:45.506] [SEVERE ] disposing of user interface elements
