[11:50:16.236] [INFO   ] thread main starting.
[11:50:16.247] [SEVERE ] cannot read configuration file config.properties trying from resources.
[11:50:16.248] [SEVERE ] configuration file was loaded from resources directory.
[11:50:17.148] [INFO   ] thread dealer starting.
[11:50:17.148] [INFO   ] thread dealer starting.
[11:50:17.256] [SEVERE ] placing card 0 in slot 0
[11:50:17.359] [SEVERE ] placing card 1 in slot 1
[11:50:17.465] [SEVERE ] placing card 2 in slot 2
[11:50:17.571] [SEVERE ] placing card 3 in slot 3
[11:50:17.675] [SEVERE ] placing card 4 in slot 4
[11:50:17.782] [SEVERE ] placing card 5 in slot 5
[11:50:17.888] [SEVERE ] placing card 6 in slot 6
[11:50:17.993] [SEVERE ] placing card 7 in slot 7
[11:50:18.098] [SEVERE ] placing card 8 in slot 8
[11:50:18.203] [SEVERE ] placing card 9 in slot 9
[11:50:18.308] [SEVERE ] placing card 10 in slot 10
[11:50:18.410] [SEVERE ] placing card 11 in slot 11
[11:50:18.414] [INFO   ] thread dealer terminated.
[11:50:23.417] [SEVERE ] thanks for playing... it was fun!
[11:50:23.418] [INFO   ] thread main terminated.
[11:50:23.418] [SEVERE ] disposing of user interface elements
