[19:09:33.677] [INFO   ] thread main starting.
[19:09:33.683] [SEVERE ] cannot read configuration file config.properties trying from resources.
[19:09:33.684] [SEVERE ] configuration file was loaded from resources directory.
[19:09:34.436] [INFO   ] thread dealer starting.
[19:09:34.436] [INFO   ] thread dealer starting.
[19:09:34.540] [SEVERE ] placing card 43 in slot 0
[19:09:34.642] [SEVERE ] placing card 49 in slot 1
[19:09:34.748] [SEVERE ] placing card 76 in slot 2
[19:09:34.853] [SEVERE ] placing card 34 in slot 3
[19:09:34.960] [SEVERE ] placing card 45 in slot 4
[19:09:35.066] [SEVERE ] placing card 59 in slot 5
[19:09:35.172] [SEVERE ] placing card 26 in slot 6
[19:09:35.278] [SEVERE ] placing card 15 in slot 7
[19:09:35.383] [SEVERE ] placing card 17 in slot 8
[19:09:35.489] [SEVERE ] placing card 24 in slot 9
[19:09:35.594] [SEVERE ] placing card 68 in slot 10
[19:09:35.700] [SEVERE ] placing card 47 in slot 11
[19:09:35.706] [INFO   ] thread dealer terminated.
[19:09:40.711] [SEVERE ] thanks for playing... it was fun!
[19:09:40.712] [INFO   ] thread main terminated.
[19:09:40.713] [SEVERE ] disposing of user interface elements
