[11:50:26.669] [INFO   ] thread main starting.
[11:50:26.676] [SEVERE ] cannot read configuration file config.properties trying from resources.
[11:50:26.678] [SEVERE ] configuration file was loaded from resources directory.
[11:50:27.461] [INFO   ] thread dealer starting.
[11:50:27.461] [INFO   ] thread dealer starting.
[11:50:27.567] [SEVERE ] placing card 0 in slot 0
[11:50:27.670] [SEVERE ] placing card 1 in slot 1
[11:50:27.776] [SEVERE ] placing card 2 in slot 2
[11:50:27.882] [SEVERE ] placing card 3 in slot 3
[11:50:27.988] [SEVERE ] placing card 4 in slot 4
[11:50:28.092] [SEVERE ] placing card 5 in slot 5
[11:50:28.199] [SEVERE ] placing card 6 in slot 6
[11:50:28.303] [SEVERE ] placing card 7 in slot 7
[11:50:28.405] [SEVERE ] placing card 8 in slot 8
[11:50:28.508] [SEVERE ] placing card 9 in slot 9
[11:50:28.614] [SEVERE ] placing card 10 in slot 10
[11:50:28.719] [SEVERE ] placing card 11 in slot 11
[11:50:28.724] [INFO   ] thread dealer terminated.
[11:50:29.140] [SEVERE ] key 75 was pressed by player 2
[11:50:30.067] [SEVERE ] key 75 was pressed by player 2
[11:50:30.286] [SEVERE ] key 75 was pressed by player 2
[11:50:30.738] [SEVERE ] key 76 was pressed by player 2
[11:50:33.729] [SEVERE ] thanks for playing... it was fun!
[11:50:33.730] [INFO   ] thread main terminated.
[11:50:33.730] [SEVERE ] disposing of user interface elements
