[11:56:01.344] [INFO   ] thread main starting.
[11:56:01.350] [SEVERE ] cannot read configuration file config.properties trying from resources.
[11:56:01.351] [SEVERE ] configuration file was loaded from resources directory.
[11:56:02.092] [INFO   ] thread dealer starting.
[11:56:02.092] [INFO   ] thread dealer starting.
[11:56:02.201] [SEVERE ] placing card 0 in slot 0
[11:56:02.306] [SEVERE ] placing card 1 in slot 1
[11:56:02.412] [SEVERE ] placing card 2 in slot 2
[11:56:02.517] [SEVERE ] placing card 3 in slot 3
[11:56:02.623] [SEVERE ] placing card 4 in slot 4
[11:56:02.729] [SEVERE ] placing card 5 in slot 5
[11:56:02.832] [SEVERE ] placing card 6 in slot 6
[11:56:02.938] [SEVERE ] placing card 7 in slot 7
[11:56:03.043] [SEVERE ] placing card 8 in slot 8
[11:56:03.149] [SEVERE ] placing card 9 in slot 9
[11:56:03.255] [SEVERE ] placing card 10 in slot 10
[11:56:03.361] [SEVERE ] placing card 11 in slot 11
[11:56:03.366] [INFO   ] thread dealer terminated.
[11:56:04.608] [SEVERE ] key 75 was pressed by player 2
[11:56:06.148] [SEVERE ] exit button pressed
[11:56:08.371] [SEVERE ] thanks for playing... it was fun!
[11:56:08.372] [INFO   ] thread main terminated.
