[19:09:54.592] [INFO   ] thread main starting.
[19:09:54.598] [SEVERE ] cannot read configuration file config.properties trying from resources.
[19:09:54.599] [SEVERE ] configuration file was loaded from resources directory.
[19:09:55.346] [INFO   ] thread dealer starting.
[19:09:55.346] [INFO   ] thread dealer starting.
[19:09:55.451] [SEVERE ] placing card 46 in slot 0
[19:09:55.559] [SEVERE ] placing card 4 in slot 1
[19:09:55.665] [SEVERE ] placing card 55 in slot 2
[19:09:55.770] [SEVERE ] placing card 78 in slot 3
[19:09:55.876] [SEVERE ] placing card 39 in slot 4
[19:09:55.983] [SEVERE ] placing card 30 in slot 5
[19:09:56.086] [SEVERE ] placing card 11 in slot 6
[19:09:56.191] [SEVERE ] placing card 65 in slot 7
[19:09:56.297] [SEVERE ] placing card 68 in slot 8
[19:09:56.402] [SEVERE ] placing card 37 in slot 9
[19:09:56.504] [SEVERE ] placing card 7 in slot 10
[19:09:56.610] [SEVERE ] placing card 1 in slot 11
[19:09:56.611] [INFO   ] thread dealer terminated.
[19:10:01.616] [SEVERE ] thanks for playing... it was fun!
[19:10:01.618] [INFO   ] thread main terminated.
[19:10:01.618] [SEVERE ] disposing of user interface elements
