[18:07:09.605] [INFO   ] thread main starting.
[18:07:09.613] [SEVERE ] cannot read configuration file config.properties trying from resources.
[18:07:09.614] [SEVERE ] configuration file was loaded from resources directory.
[18:07:10.596] [INFO   ] thread dealer starting.
[18:07:10.596] [INFO   ] thread dealer starting.
[18:07:10.703] [SEVERE ] placing card 0 in slot 0
[18:07:10.806] [SEVERE ] placing card 1 in slot 1
[18:07:10.911] [SEVERE ] placing card 2 in slot 2
[18:07:11.014] [SEVERE ] placing card 3 in slot 3
[18:07:11.120] [SEVERE ] placing card 4 in slot 4
[18:07:11.222] [SEVERE ] placing card 5 in slot 5
[18:07:11.328] [SEVERE ] placing card 6 in slot 6
[18:07:11.434] [SEVERE ] placing card 7 in slot 7
[18:07:11.539] [SEVERE ] placing card 8 in slot 8
[18:07:11.645] [SEVERE ] placing card 9 in slot 9
[18:07:11.747] [SEVERE ] placing card 10 in slot 10
[18:07:11.853] [SEVERE ] placing card 11 in slot 11
[18:07:11.857] [INFO   ] thread dealer terminated.
[18:07:12.866] [SEVERE ] key 75 was pressed by player 2
[18:07:16.859] [SEVERE ] thanks for playing... it was fun!
[18:07:16.860] [INFO   ] thread main terminated.
[18:07:16.860] [SEVERE ] disposing of user interface elements
