[17:58:05.443] [INFO   ] thread main starting.
[17:58:05.450] [SEVERE ] cannot read configuration file config.properties trying from resources.
[17:58:05.452] [SEVERE ] configuration file was loaded from resources directory.
[17:58:06.307] [INFO   ] thread dealer starting.
[17:58:06.307] [INFO   ] thread dealer starting.
[17:58:06.415] [SEVERE ] placing card 0 in slot 0
[17:58:06.521] [SEVERE ] placing card 1 in slot 1
[17:58:06.626] [SEVERE ] placing card 2 in slot 2
[17:58:06.732] [SEVERE ] placing card 3 in slot 3
[17:58:06.838] [SEVERE ] placing card 4 in slot 4
[17:58:06.939] [SEVERE ] placing card 5 in slot 5
[17:58:07.041] [SEVERE ] placing card 6 in slot 6
[17:58:07.143] [SEVERE ] placing card 7 in slot 7
[17:58:07.249] [SEVERE ] placing card 8 in slot 8
[17:58:07.350] [SEVERE ] placing card 9 in slot 9
[17:58:07.454] [SEVERE ] placing card 10 in slot 10
[17:58:07.556] [SEVERE ] placing card 11 in slot 11
[17:58:07.560] [INFO   ] thread dealer terminated.
[17:58:12.563] [SEVERE ] thanks for playing... it was fun!
[17:58:12.564] [INFO   ] thread main terminated.
[17:58:12.564] [SEVERE ] disposing of user interface elements
