[13:11:59.347] [INFO   ] thread main starting.
[13:11:59.351] [SEVERE ] cannot read configuration file config.properties trying from resources.
[13:11:59.352] [SEVERE ] configuration file was loaded from resources directory.
[13:12:00.212] [INFO   ] thread dealer starting.
[13:12:00.212] [INFO   ] thread dealer starting.
[13:12:00.319] [SEVERE ] placing card 0 in slot 0
[13:12:00.421] [SEVERE ] placing card 1 in slot 1
[13:12:00.527] [SEVERE ] placing card 2 in slot 2
[13:12:00.632] [SEVERE ] placing card 3 in slot 3
[13:12:00.738] [SEVERE ] placing card 4 in slot 4
[13:12:00.844] [SEVERE ] placing card 5 in slot 5
[13:12:00.948] [SEVERE ] placing card 6 in slot 6
[13:12:01.053] [SEVERE ] placing card 7 in slot 7
[13:12:01.158] [SEVERE ] placing card 8 in slot 8
[13:12:01.264] [SEVERE ] placing card 9 in slot 9
[13:12:01.370] [SEVERE ] placing card 10 in slot 10
[13:12:01.473] [SEVERE ] placing card 11 in slot 11
[13:12:01.475] [INFO   ] thread dealer terminated.
[13:12:02.779] [SEVERE ] exit button pressed
[13:12:02.780] [SEVERE ] disposing of user interface elements
[13:12:06.481] [SEVERE ] thanks for playing... it was fun!
[13:12:06.482] [INFO   ] thread main terminated.
