[18:09:27.260] [INFO   ] thread main starting.
[18:09:27.266] [SEVERE ] cannot read configuration file config.properties trying from resources.
[18:09:27.267] [SEVERE ] configuration file was loaded from resources directory.
[18:09:28.010] [INFO   ] thread dealer starting.
[18:09:28.010] [INFO   ] thread dealer starting.
[18:09:28.118] [SEVERE ] placing card 0 in slot 0
[18:09:28.221] [SEVERE ] placing card 1 in slot 1
[18:09:28.322] [SEVERE ] placing card 2 in slot 2
[18:09:28.425] [SEVERE ] placing card 3 in slot 3
[18:09:28.528] [SEVERE ] placing card 4 in slot 4
[18:09:28.634] [SEVERE ] placing card 5 in slot 5
[18:09:28.737] [SEVERE ] placing card 6 in slot 6
[18:09:28.839] [SEVERE ] placing card 7 in slot 7
[18:09:28.943] [SEVERE ] placing card 8 in slot 8
[18:09:29.044] [SEVERE ] placing card 9 in slot 9
[18:09:29.151] [SEVERE ] placing card 10 in slot 10
[18:09:29.253] [SEVERE ] placing card 11 in slot 11
[18:09:29.257] [INFO   ] thread dealer terminated.
[18:09:29.700] [SEVERE ] key 75 was pressed by player 2
[18:09:30.990] [SEVERE ] key 75 was pressed by player 2
[18:09:31.347] [SEVERE ] key 74 was pressed by player 2
[18:09:31.680] [SEVERE ] key 75 was pressed by player 2
[18:09:34.262] [SEVERE ] thanks for playing... it was fun!
[18:09:34.264] [INFO   ] thread main terminated.
[18:09:34.264] [SEVERE ] disposing of user interface elements
