[11:49:53.755] [INFO   ] thread main starting.
[11:49:53.762] [SEVERE ] cannot read configuration file config.properties trying from resources.
[11:49:53.763] [SEVERE ] configuration file was loaded from resources directory.
[11:49:54.522] [INFO   ] thread dealer starting.
[11:49:54.523] [INFO   ] thread dealer starting.
[11:50:01.026] [SEVERE ] placing card 0 in slot 0
[11:50:01.130] [SEVERE ] placing card 1 in slot 1
[11:50:01.231] [SEVERE ] placing card 2 in slot 2
[11:50:01.337] [SEVERE ] placing card 3 in slot 3
[11:50:01.442] [SEVERE ] placing card 4 in slot 4
[11:50:01.547] [SEVERE ] placing card 5 in slot 5
[11:50:01.653] [SEVERE ] placing card 6 in slot 6
[11:50:01.754] [SEVERE ] placing card 7 in slot 7
[11:50:01.854] [SEVERE ] placing card 8 in slot 8
[11:50:01.960] [SEVERE ] placing card 9 in slot 9
[11:50:02.065] [SEVERE ] placing card 10 in slot 10
[11:50:02.171] [SEVERE ] placing card 11 in slot 11
[11:50:02.174] [INFO   ] thread dealer terminated.
[11:50:07.180] [SEVERE ] thanks for playing... it was fun!
[11:50:07.180] [INFO   ] thread main terminated.
[11:50:07.181] [SEVERE ] disposing of user interface elements
