[19:09:12.166] [INFO   ] thread main starting.
[19:09:12.173] [SEVERE ] cannot read configuration file config.properties trying from resources.
[19:09:12.175] [SEVERE ] configuration file was loaded from resources directory.
[19:09:13.060] [INFO   ] thread dealer starting.
[19:09:13.061] [INFO   ] thread dealer starting.
[19:09:13.169] [SEVERE ] placing card 0 in slot 0
[19:09:13.274] [SEVERE ] placing card 1 in slot 1
[19:09:13.378] [SEVERE ] placing card 2 in slot 2
[19:09:13.484] [SEVERE ] placing card 3 in slot 3
[19:09:13.591] [SEVERE ] placing card 4 in slot 4
[19:09:13.693] [SEVERE ] placing card 5 in slot 5
[19:09:13.799] [SEVERE ] placing card 6 in slot 6
[19:09:13.904] [SEVERE ] placing card 7 in slot 7
[19:09:14.009] [SEVERE ] placing card 8 in slot 8
[19:09:14.115] [SEVERE ] placing card 9 in slot 9
[19:09:14.219] [SEVERE ] placing card 10 in slot 10
[19:09:14.325] [SEVERE ] placing card 11 in slot 11
[19:09:14.327] [INFO   ] thread dealer terminated.
[19:09:15.486] [SEVERE ] exit button pressed
[19:09:15.486] [SEVERE ] disposing of user interface elements
