[18:07:25.165] [INFO   ] thread main starting.
[18:07:25.172] [SEVERE ] cannot read configuration file config.properties trying from resources.
[18:07:25.174] [SEVERE ] configuration file was loaded from resources directory.
[18:07:25.960] [INFO   ] thread dealer starting.
[18:07:25.961] [INFO   ] thread dealer starting.
[18:07:26.069] [SEVERE ] placing card 0 in slot 0
[18:07:26.175] [SEVERE ] placing card 1 in slot 1
[18:07:26.280] [SEVERE ] placing card 2 in slot 2
[18:07:26.386] [SEVERE ] placing card 3 in slot 3
[18:07:26.489] [SEVERE ] placing card 4 in slot 4
[18:07:26.594] [SEVERE ] placing card 5 in slot 5
[18:07:26.700] [SEVERE ] placing card 6 in slot 6
[18:07:26.805] [SEVERE ] placing card 7 in slot 7
[18:07:26.910] [SEVERE ] placing card 8 in slot 8
[18:07:27.015] [SEVERE ] placing card 9 in slot 9
[18:07:27.121] [SEVERE ] placing card 10 in slot 10
[18:07:27.228] [SEVERE ] placing card 11 in slot 11
[18:07:27.231] [INFO   ] thread dealer terminated.
[18:07:32.237] [SEVERE ] thanks for playing... it was fun!
[18:07:32.238] [INFO   ] thread main terminated.
[18:07:32.239] [SEVERE ] disposing of user interface elements
